\BOOKMARK [0][-]{chapter.1}{Introduction}{}% 1
\BOOKMARK [1][-]{section.1.1}{Problem Definition}{chapter.1}% 2
\BOOKMARK [0][-]{chapter.2}{Data}{}% 3
\BOOKMARK [0][-]{chapter.3}{Method}{}% 4
\BOOKMARK [1][-]{section.3.1}{Image texture analysis methods}{chapter.3}% 5
\BOOKMARK [2][-]{subsection.3.1.1}{Co occurrence matrix}{section.3.1}% 6
\BOOKMARK [1][-]{section.3.2}{Machine learning methods}{chapter.3}% 7
\BOOKMARK [2][-]{subsection.3.2.1}{Crossval}{section.3.2}% 8
\BOOKMARK [2][-]{subsection.3.2.2}{Feature selection}{section.3.2}% 9
\BOOKMARK [2][-]{subsection.3.2.3}{K-nearest neighbors algorithm}{section.3.2}% 10
\BOOKMARK [1][-]{section.3.3}{Erode}{chapter.3}% 11
\BOOKMARK [1][-]{section.3.4}{Principal Component analysis}{chapter.3}% 12
\BOOKMARK [2][-]{subsection.3.4.1}{Application to images}{section.3.4}% 13
\BOOKMARK [1][-]{section.3.5}{K-nearest neighbors}{chapter.3}% 14
\BOOKMARK [2][-]{subsection.3.5.1}{Cross validation}{section.3.5}% 15
\BOOKMARK [0][-]{chapter.4}{Implementation}{}% 16
\BOOKMARK [0][-]{chapter.5}{Result}{}% 17
\BOOKMARK [0][-]{chapter.6}{Discussion}{}% 18
\BOOKMARK [0][-]{chapter.7}{Conclusion}{}% 19
\BOOKMARK [0][-]{section*.10}{Appendices}{}% 20
\BOOKMARK [0][-]{Appendix.a.A}{Co occurrence matrix derivation features}{}% 21
\BOOKMARK [0][-]{equation.a.A.0.11}{Litteratur}{}% 22
